<?xml version="1.0" encoding="UTF-8"?>
<!-- Generated by org.testng.reporters.JUnitReportReporter -->
<testsuite hostname="DESKTOP-J646L89" failures="0" tests="1" name="TestCase.TC_001_AccountRegistration" time="10.210" errors="0" timestamp="2023-03-14T16:36:10 IST" skipped="0">
  <testcase classname="TestCase.TC_001_AccountRegistration" name="Home_Page_Test" time="10.210"/>
  <system-out/>
</testsuite> <!-- TestCase.TC_001_AccountRegistration -->
