<?xml version="1.0" encoding="UTF-8"?>
<!-- Generated by org.testng.reporters.JUnitReportReporter -->
<testsuite hostname="DESKTOP-J646L89" failures="0" tests="1" name="TestCase.TC_004_AddToList" time="10.156" errors="0" timestamp="2023-03-13T23:15:43 IST" skipped="0">
  <testcase classname="TestCase.TC_004_AddToList" name="Test_AddToList" time="10.156"/>
  <system-out/>
</testsuite> <!-- TestCase.TC_004_AddToList -->
